{"/Users/cazaustre/code/src/github.com/carlosazaustre/fullstack-course-helsinki/part5/notes/frontend/src/App.js": {"path":"/Users/cazaustre/code/src/github.com/carlosazaustre/fullstack-course-helsinki/part5/notes/frontend/src/App.js","statementMap":{"0":{"start":{"line":12,"column":12},"end":{"line":169,"column":1}},"1":{"start":{"line":13,"column":42},"end":{"line":13,"column":57}},"2":{"start":{"line":14,"column":28},"end":{"line":14,"column":40}},"3":{"start":{"line":15,"column":32},"end":{"line":15,"column":44}},"4":{"start":{"line":16,"column":32},"end":{"line":16,"column":46}},"5":{"start":{"line":17,"column":42},"end":{"line":17,"column":56}},"6":{"start":{"line":18,"column":34},"end":{"line":18,"column":46}},"7":{"start":{"line":19,"column":34},"end":{"line":19,"column":46}},"8":{"start":{"line":20,"column":26},"end":{"line":20,"column":40}},"9":{"start":{"line":22,"column":2},"end":{"line":28,"column":9}},"10":{"start":{"line":23,"column":4},"end":{"line":27,"column":9}},"11":{"start":{"line":26,"column":8},"end":{"line":26,"column":31}},"12":{"start":{"line":30,"column":2},"end":{"line":37,"column":9}},"13":{"start":{"line":31,"column":27},"end":{"line":31,"column":75}},"14":{"start":{"line":32,"column":4},"end":{"line":36,"column":5}},"15":{"start":{"line":33,"column":19},"end":{"line":33,"column":45}},"16":{"start":{"line":34,"column":6},"end":{"line":34,"column":20}},"17":{"start":{"line":35,"column":6},"end":{"line":35,"column":39}},"18":{"start":{"line":39,"column":20},"end":{"line":60,"column":3}},"19":{"start":{"line":40,"column":28},"end":{"line":40,"column":67}},"20":{"start":{"line":41,"column":28},"end":{"line":41,"column":67}},"21":{"start":{"line":43,"column":4},"end":{"line":59,"column":6}},"22":{"start":{"line":46,"column":33},"end":{"line":46,"column":54}},"23":{"start":{"line":52,"column":50},"end":{"line":52,"column":75}},"24":{"start":{"line":53,"column":50},"end":{"line":53,"column":75}},"25":{"start":{"line":56,"column":33},"end":{"line":56,"column":55}},"26":{"start":{"line":62,"column":22},"end":{"line":62,"column":39}},"27":{"start":{"line":63,"column":19},"end":{"line":71,"column":3}},"28":{"start":{"line":64,"column":4},"end":{"line":70,"column":16}},"29":{"start":{"line":73,"column":22},"end":{"line":92,"column":3}},"30":{"start":{"line":74,"column":4},"end":{"line":74,"column":27}},"31":{"start":{"line":75,"column":4},"end":{"line":91,"column":5}},"32":{"start":{"line":76,"column":19},"end":{"line":78,"column":8}},"33":{"start":{"line":80,"column":6},"end":{"line":80,"column":77}},"34":{"start":{"line":82,"column":6},"end":{"line":82,"column":39}},"35":{"start":{"line":83,"column":6},"end":{"line":83,"column":20}},"36":{"start":{"line":84,"column":6},"end":{"line":84,"column":22}},"37":{"start":{"line":85,"column":6},"end":{"line":85,"column":22}},"38":{"start":{"line":87,"column":6},"end":{"line":87,"column":43}},"39":{"start":{"line":88,"column":6},"end":{"line":90,"column":15}},"40":{"start":{"line":89,"column":8},"end":{"line":89,"column":30}},"41":{"start":{"line":94,"column":28},"end":{"line":112,"column":3}},"42":{"start":{"line":95,"column":17},"end":{"line":95,"column":45}},"43":{"start":{"line":95,"column":33},"end":{"line":95,"column":44}},"44":{"start":{"line":96,"column":24},"end":{"line":96,"column":63}},"45":{"start":{"line":98,"column":4},"end":{"line":111,"column":9}},"46":{"start":{"line":101,"column":8},"end":{"line":101,"column":74}},"47":{"start":{"line":101,"column":35},"end":{"line":101,"column":71}},"48":{"start":{"line":104,"column":8},"end":{"line":106,"column":9}},"49":{"start":{"line":107,"column":8},"end":{"line":109,"column":17}},"50":{"start":{"line":108,"column":10},"end":{"line":108,"column":31}},"51":{"start":{"line":110,"column":8},"end":{"line":110,"column":48}},"52":{"start":{"line":110,"column":35},"end":{"line":110,"column":46}},"53":{"start":{"line":114,"column":18},"end":{"line":129,"column":3}},"54":{"start":{"line":115,"column":4},"end":{"line":115,"column":27}},"55":{"start":{"line":116,"column":4},"end":{"line":116,"column":43}},"56":{"start":{"line":117,"column":23},"end":{"line":121,"column":5}},"57":{"start":{"line":123,"column":4},"end":{"line":128,"column":9}},"58":{"start":{"line":126,"column":8},"end":{"line":126,"column":45}},"59":{"start":{"line":127,"column":8},"end":{"line":127,"column":23}},"60":{"start":{"line":131,"column":22},"end":{"line":133,"column":51}},"61":{"start":{"line":133,"column":27},"end":{"line":133,"column":50}},"62":{"start":{"line":135,"column":15},"end":{"line":141,"column":3}},"63":{"start":{"line":135,"column":21},"end":{"line":141,"column":3}},"64":{"start":{"line":136,"column":4},"end":{"line":140,"column":6}},"65":{"start":{"line":139,"column":30},"end":{"line":139,"column":56}},"66":{"start":{"line":143,"column":27},"end":{"line":146,"column":3}},"67":{"start":{"line":144,"column":4},"end":{"line":144,"column":36}},"68":{"start":{"line":145,"column":4},"end":{"line":145,"column":35}},"69":{"start":{"line":148,"column":2},"end":{"line":168,"column":4}},"70":{"start":{"line":161,"column":31},"end":{"line":161,"column":51}}},"fnMap":{"0":{"name":"(anonymous_0)","decl":{"start":{"line":12,"column":12},"end":{"line":12,"column":13}},"loc":{"start":{"line":12,"column":18},"end":{"line":169,"column":1}},"line":12},"1":{"name":"(anonymous_1)","decl":{"start":{"line":22,"column":12},"end":{"line":22,"column":13}},"loc":{"start":{"line":22,"column":18},"end":{"line":28,"column":3}},"line":22},"2":{"name":"(anonymous_2)","decl":{"start":{"line":25,"column":12},"end":{"line":25,"column":13}},"loc":{"start":{"line":25,"column":28},"end":{"line":27,"column":7}},"line":25},"3":{"name":"(anonymous_3)","decl":{"start":{"line":30,"column":12},"end":{"line":30,"column":13}},"loc":{"start":{"line":30,"column":18},"end":{"line":37,"column":3}},"line":30},"4":{"name":"(anonymous_4)","decl":{"start":{"line":39,"column":20},"end":{"line":39,"column":21}},"loc":{"start":{"line":39,"column":26},"end":{"line":60,"column":3}},"line":39},"5":{"name":"(anonymous_5)","decl":{"start":{"line":46,"column":27},"end":{"line":46,"column":28}},"loc":{"start":{"line":46,"column":33},"end":{"line":46,"column":54}},"line":46},"6":{"name":"(anonymous_6)","decl":{"start":{"line":52,"column":34},"end":{"line":52,"column":35}},"loc":{"start":{"line":52,"column":50},"end":{"line":52,"column":75}},"line":52},"7":{"name":"(anonymous_7)","decl":{"start":{"line":53,"column":34},"end":{"line":53,"column":35}},"loc":{"start":{"line":53,"column":50},"end":{"line":53,"column":75}},"line":53},"8":{"name":"(anonymous_8)","decl":{"start":{"line":56,"column":27},"end":{"line":56,"column":28}},"loc":{"start":{"line":56,"column":33},"end":{"line":56,"column":55}},"line":56},"9":{"name":"(anonymous_9)","decl":{"start":{"line":63,"column":19},"end":{"line":63,"column":20}},"loc":{"start":{"line":64,"column":4},"end":{"line":70,"column":16}},"line":64},"10":{"name":"(anonymous_10)","decl":{"start":{"line":73,"column":22},"end":{"line":73,"column":23}},"loc":{"start":{"line":73,"column":39},"end":{"line":92,"column":3}},"line":73},"11":{"name":"(anonymous_11)","decl":{"start":{"line":88,"column":17},"end":{"line":88,"column":18}},"loc":{"start":{"line":88,"column":23},"end":{"line":90,"column":7}},"line":88},"12":{"name":"(anonymous_12)","decl":{"start":{"line":94,"column":28},"end":{"line":94,"column":29}},"loc":{"start":{"line":94,"column":34},"end":{"line":112,"column":3}},"line":94},"13":{"name":"(anonymous_13)","decl":{"start":{"line":95,"column":28},"end":{"line":95,"column":29}},"loc":{"start":{"line":95,"column":33},"end":{"line":95,"column":44}},"line":95},"14":{"name":"(anonymous_14)","decl":{"start":{"line":100,"column":12},"end":{"line":100,"column":13}},"loc":{"start":{"line":100,"column":28},"end":{"line":102,"column":7}},"line":100},"15":{"name":"(anonymous_15)","decl":{"start":{"line":101,"column":27},"end":{"line":101,"column":28}},"loc":{"start":{"line":101,"column":35},"end":{"line":101,"column":71}},"line":101},"16":{"name":"(anonymous_16)","decl":{"start":{"line":103,"column":13},"end":{"line":103,"column":14}},"loc":{"start":{"line":103,"column":19},"end":{"line":111,"column":7}},"line":103},"17":{"name":"(anonymous_17)","decl":{"start":{"line":107,"column":19},"end":{"line":107,"column":20}},"loc":{"start":{"line":107,"column":25},"end":{"line":109,"column":9}},"line":107},"18":{"name":"(anonymous_18)","decl":{"start":{"line":110,"column":30},"end":{"line":110,"column":31}},"loc":{"start":{"line":110,"column":35},"end":{"line":110,"column":46}},"line":110},"19":{"name":"(anonymous_19)","decl":{"start":{"line":114,"column":18},"end":{"line":114,"column":19}},"loc":{"start":{"line":114,"column":27},"end":{"line":129,"column":3}},"line":114},"20":{"name":"(anonymous_20)","decl":{"start":{"line":125,"column":12},"end":{"line":125,"column":13}},"loc":{"start":{"line":125,"column":28},"end":{"line":128,"column":7}},"line":125},"21":{"name":"(anonymous_21)","decl":{"start":{"line":133,"column":19},"end":{"line":133,"column":20}},"loc":{"start":{"line":133,"column":27},"end":{"line":133,"column":50}},"line":133},"22":{"name":"(anonymous_22)","decl":{"start":{"line":135,"column":15},"end":{"line":135,"column":16}},"loc":{"start":{"line":135,"column":21},"end":{"line":141,"column":3}},"line":135},"23":{"name":"(anonymous_23)","decl":{"start":{"line":135,"column":37},"end":{"line":135,"column":38}},"loc":{"start":{"line":136,"column":4},"end":{"line":140,"column":6}},"line":136},"24":{"name":"(anonymous_24)","decl":{"start":{"line":139,"column":24},"end":{"line":139,"column":25}},"loc":{"start":{"line":139,"column":30},"end":{"line":139,"column":56}},"line":139},"25":{"name":"(anonymous_25)","decl":{"start":{"line":143,"column":27},"end":{"line":143,"column":28}},"loc":{"start":{"line":143,"column":36},"end":{"line":146,"column":3}},"line":143},"26":{"name":"(anonymous_26)","decl":{"start":{"line":161,"column":25},"end":{"line":161,"column":26}},"loc":{"start":{"line":161,"column":31},"end":{"line":161,"column":51}},"line":161}},"branchMap":{"0":{"loc":{"start":{"line":32,"column":4},"end":{"line":36,"column":5}},"type":"if","locations":[{"start":{"line":32,"column":4},"end":{"line":36,"column":5}},{"start":{"line":32,"column":4},"end":{"line":36,"column":5}}],"line":32},"1":{"loc":{"start":{"line":40,"column":39},"end":{"line":40,"column":65}},"type":"cond-expr","locations":[{"start":{"line":40,"column":54},"end":{"line":40,"column":60}},{"start":{"line":40,"column":63},"end":{"line":40,"column":65}}],"line":40},"2":{"loc":{"start":{"line":41,"column":39},"end":{"line":41,"column":65}},"type":"cond-expr","locations":[{"start":{"line":41,"column":54},"end":{"line":41,"column":56}},{"start":{"line":41,"column":59},"end":{"line":41,"column":65}}],"line":41},"3":{"loc":{"start":{"line":101,"column":35},"end":{"line":101,"column":71}},"type":"cond-expr","locations":[{"start":{"line":101,"column":52},"end":{"line":101,"column":56}},{"start":{"line":101,"column":59},"end":{"line":101,"column":71}}],"line":101},"4":{"loc":{"start":{"line":131,"column":22},"end":{"line":133,"column":51}},"type":"cond-expr","locations":[{"start":{"line":132,"column":6},"end":{"line":132,"column":11}},{"start":{"line":133,"column":6},"end":{"line":133,"column":51}}],"line":131},"5":{"loc":{"start":{"line":152,"column":7},"end":{"line":159,"column":7}},"type":"cond-expr","locations":[{"start":{"line":153,"column":8},"end":{"line":153,"column":19}},{"start":{"line":155,"column":8},"end":{"line":158,"column":14}}],"line":152},"6":{"loc":{"start":{"line":162,"column":16},"end":{"line":162,"column":45}},"type":"cond-expr","locations":[{"start":{"line":162,"column":26},"end":{"line":162,"column":37}},{"start":{"line":162,"column":40},"end":{"line":162,"column":45}}],"line":162}},"s":{"0":1,"1":2,"2":2,"3":2,"4":2,"5":2,"6":2,"7":2,"8":2,"9":2,"10":1,"11":1,"12":2,"13":1,"14":1,"15":0,"16":0,"17":0,"18":2,"19":2,"20":2,"21":2,"22":0,"23":0,"24":0,"25":0,"26":2,"27":2,"28":0,"29":2,"30":0,"31":0,"32":0,"33":0,"34":0,"35":0,"36":0,"37":0,"38":0,"39":0,"40":0,"41":2,"42":0,"43":0,"44":0,"45":0,"46":0,"47":0,"48":0,"49":0,"50":0,"51":0,"52":0,"53":2,"54":0,"55":0,"56":0,"57":0,"58":0,"59":0,"60":2,"61":0,"62":2,"63":2,"64":3,"65":0,"66":2,"67":0,"68":0,"69":2,"70":0},"f":{"0":2,"1":1,"2":1,"3":1,"4":2,"5":0,"6":0,"7":0,"8":0,"9":0,"10":0,"11":0,"12":0,"13":0,"14":0,"15":0,"16":0,"17":0,"18":0,"19":0,"20":0,"21":0,"22":2,"23":3,"24":0,"25":0,"26":0},"b":{"0":[0,1],"1":[0,2],"2":[0,2],"3":[0,0],"4":[2,0],"5":[2,0],"6":[2,0]},"_coverageSchema":"43e27e138ebf9cfc5966b082cf9a028302ed4184","hash":"4cf7235bab63e5294d52465ae8eb383cc9b34f5b"}
,"/Users/cazaustre/code/src/github.com/carlosazaustre/fullstack-course-helsinki/part5/notes/frontend/src/index.js": {"path":"/Users/cazaustre/code/src/github.com/carlosazaustre/fullstack-course-helsinki/part5/notes/frontend/src/index.js","statementMap":{"0":{"start":{"line":7,"column":0},"end":{"line":7,"column":57}}},"fnMap":{},"branchMap":{},"s":{"0":0},"f":{},"b":{},"hash":"3b13524490b58e8a7cd2b1fbe427f0b28f4102fd"}
,"/Users/cazaustre/code/src/github.com/carlosazaustre/fullstack-course-helsinki/part5/notes/frontend/src/components/Footer.js": {"path":"/Users/cazaustre/code/src/github.com/carlosazaustre/fullstack-course-helsinki/part5/notes/frontend/src/components/Footer.js","statementMap":{"0":{"start":{"line":3,"column":15},"end":{"line":16,"column":1}},"1":{"start":{"line":4,"column":22},"end":{"line":8,"column":3}},"2":{"start":{"line":10,"column":2},"end":{"line":15,"column":3}}},"fnMap":{"0":{"name":"(anonymous_0)","decl":{"start":{"line":3,"column":15},"end":{"line":3,"column":16}},"loc":{"start":{"line":3,"column":21},"end":{"line":16,"column":1}},"line":3}},"branchMap":{},"s":{"0":1,"1":2,"2":2},"f":{"0":2},"b":{},"_coverageSchema":"43e27e138ebf9cfc5966b082cf9a028302ed4184","hash":"85a1d85cae1d5636d7042ef2b6d39dd466fc14e9"}
,"/Users/cazaustre/code/src/github.com/carlosazaustre/fullstack-course-helsinki/part5/notes/frontend/src/components/LoginForm.js": {"path":"/Users/cazaustre/code/src/github.com/carlosazaustre/fullstack-course-helsinki/part5/notes/frontend/src/components/LoginForm.js","statementMap":{"0":{"start":{"line":4,"column":18},"end":{"line":34,"column":1}},"1":{"start":{"line":11,"column":2},"end":{"line":33,"column":3}},"2":{"start":{"line":36,"column":0},"end":{"line":42,"column":2}}},"fnMap":{"0":{"name":"(anonymous_0)","decl":{"start":{"line":4,"column":18},"end":{"line":4,"column":19}},"loc":{"start":{"line":10,"column":6},"end":{"line":34,"column":1}},"line":10}},"branchMap":{},"s":{"0":1,"1":2,"2":1},"f":{"0":2},"b":{},"_coverageSchema":"43e27e138ebf9cfc5966b082cf9a028302ed4184","hash":"60c24602681b39d8e61593803bddd2aa578dad73"}
,"/Users/cazaustre/code/src/github.com/carlosazaustre/fullstack-course-helsinki/part5/notes/frontend/src/components/Note.js": {"path":"/Users/cazaustre/code/src/github.com/carlosazaustre/fullstack-course-helsinki/part5/notes/frontend/src/components/Note.js","statementMap":{"0":{"start":{"line":2,"column":13},"end":{"line":13,"column":1}},"1":{"start":{"line":3,"column":16},"end":{"line":5,"column":22}},"2":{"start":{"line":7,"column":2},"end":{"line":12,"column":4}}},"fnMap":{"0":{"name":"(anonymous_0)","decl":{"start":{"line":2,"column":13},"end":{"line":2,"column":14}},"loc":{"start":{"line":2,"column":45},"end":{"line":13,"column":1}},"line":2}},"branchMap":{"0":{"loc":{"start":{"line":3,"column":16},"end":{"line":5,"column":22}},"type":"cond-expr","locations":[{"start":{"line":4,"column":6},"end":{"line":4,"column":26}},{"start":{"line":5,"column":6},"end":{"line":5,"column":22}}],"line":3}},"s":{"0":2,"1":4,"2":4},"f":{"0":4},"b":{"0":[3,1]},"_coverageSchema":"43e27e138ebf9cfc5966b082cf9a028302ed4184","hash":"8f49b5ac1116ae10c1f58884d6f2f8e1af4f002c"}
,"/Users/cazaustre/code/src/github.com/carlosazaustre/fullstack-course-helsinki/part5/notes/frontend/src/components/NoteForm.js": {"path":"/Users/cazaustre/code/src/github.com/carlosazaustre/fullstack-course-helsinki/part5/notes/frontend/src/components/NoteForm.js","statementMap":{"0":{"start":{"line":3,"column":17},"end":{"line":16,"column":1}},"1":{"start":{"line":4,"column":2},"end":{"line":15,"column":4}}},"fnMap":{"0":{"name":"(anonymous_0)","decl":{"start":{"line":3,"column":17},"end":{"line":3,"column":18}},"loc":{"start":{"line":3,"column":56},"end":{"line":16,"column":1}},"line":3}},"branchMap":{},"s":{"0":2,"1":1},"f":{"0":1},"b":{},"_coverageSchema":"43e27e138ebf9cfc5966b082cf9a028302ed4184","hash":"5a8176ca8b4819ca74d09f145bddacdeebc0c80f"}
,"/Users/cazaustre/code/src/github.com/carlosazaustre/fullstack-course-helsinki/part5/notes/frontend/src/components/Notification.js": {"path":"/Users/cazaustre/code/src/github.com/carlosazaustre/fullstack-course-helsinki/part5/notes/frontend/src/components/Notification.js","statementMap":{"0":{"start":{"line":3,"column":21},"end":{"line":13,"column":1}},"1":{"start":{"line":4,"column":2},"end":{"line":6,"column":3}},"2":{"start":{"line":5,"column":4},"end":{"line":5,"column":16}},"3":{"start":{"line":8,"column":2},"end":{"line":12,"column":3}}},"fnMap":{"0":{"name":"(anonymous_0)","decl":{"start":{"line":3,"column":21},"end":{"line":3,"column":22}},"loc":{"start":{"line":3,"column":38},"end":{"line":13,"column":1}},"line":3}},"branchMap":{"0":{"loc":{"start":{"line":4,"column":2},"end":{"line":6,"column":3}},"type":"if","locations":[{"start":{"line":4,"column":2},"end":{"line":6,"column":3}},{"start":{"line":4,"column":2},"end":{"line":6,"column":3}}],"line":4}},"s":{"0":1,"1":2,"2":2,"3":0},"f":{"0":2},"b":{"0":[2,0]},"_coverageSchema":"43e27e138ebf9cfc5966b082cf9a028302ed4184","hash":"57af1d0293b53cf526175b57cd0a8b6402b7138b"}
,"/Users/cazaustre/code/src/github.com/carlosazaustre/fullstack-course-helsinki/part5/notes/frontend/src/components/Togglable.js": {"path":"/Users/cazaustre/code/src/github.com/carlosazaustre/fullstack-course-helsinki/part5/notes/frontend/src/components/Togglable.js","statementMap":{"0":{"start":{"line":4,"column":18},"end":{"line":29,"column":2}},"1":{"start":{"line":5,"column":32},"end":{"line":5,"column":47}},"2":{"start":{"line":7,"column":26},"end":{"line":7,"column":60}},"3":{"start":{"line":8,"column":26},"end":{"line":8,"column":60}},"4":{"start":{"line":10,"column":27},"end":{"line":10,"column":53}},"5":{"start":{"line":10,"column":33},"end":{"line":10,"column":53}},"6":{"start":{"line":12,"column":2},"end":{"line":16,"column":4}},"7":{"start":{"line":13,"column":4},"end":{"line":15,"column":5}},"8":{"start":{"line":18,"column":2},"end":{"line":28,"column":4}},"9":{"start":{"line":31,"column":0},"end":{"line":33,"column":2}}},"fnMap":{"0":{"name":"(anonymous_0)","decl":{"start":{"line":4,"column":35},"end":{"line":4,"column":36}},"loc":{"start":{"line":4,"column":51},"end":{"line":29,"column":1}},"line":4},"1":{"name":"(anonymous_1)","decl":{"start":{"line":10,"column":27},"end":{"line":10,"column":28}},"loc":{"start":{"line":10,"column":33},"end":{"line":10,"column":53}},"line":10},"2":{"name":"(anonymous_2)","decl":{"start":{"line":12,"column":27},"end":{"line":12,"column":28}},"loc":{"start":{"line":12,"column":33},"end":{"line":16,"column":3}},"line":12}},"branchMap":{"0":{"loc":{"start":{"line":7,"column":37},"end":{"line":7,"column":58}},"type":"cond-expr","locations":[{"start":{"line":7,"column":47},"end":{"line":7,"column":53}},{"start":{"line":7,"column":56},"end":{"line":7,"column":58}}],"line":7},"1":{"loc":{"start":{"line":8,"column":37},"end":{"line":8,"column":58}},"type":"cond-expr","locations":[{"start":{"line":8,"column":47},"end":{"line":8,"column":49}},{"start":{"line":8,"column":52},"end":{"line":8,"column":58}}],"line":8}},"s":{"0":2,"1":7,"2":7,"3":7,"4":7,"5":3,"6":7,"7":0,"8":7,"9":2},"f":{"0":7,"1":3,"2":0},"b":{"0":[2,5],"1":[2,5]},"_coverageSchema":"43e27e138ebf9cfc5966b082cf9a028302ed4184","hash":"543cba8d3155cf900951401dfc291f605634f4d9"}
,"/Users/cazaustre/code/src/github.com/carlosazaustre/fullstack-course-helsinki/part5/notes/frontend/src/services/login.js": {"path":"/Users/cazaustre/code/src/github.com/carlosazaustre/fullstack-course-helsinki/part5/notes/frontend/src/services/login.js","statementMap":{"0":{"start":{"line":2,"column":16},"end":{"line":2,"column":28}},"1":{"start":{"line":4,"column":14},"end":{"line":7,"column":1}},"2":{"start":{"line":5,"column":19},"end":{"line":5,"column":57}},"3":{"start":{"line":6,"column":2},"end":{"line":6,"column":23}}},"fnMap":{"0":{"name":"(anonymous_0)","decl":{"start":{"line":4,"column":14},"end":{"line":4,"column":15}},"loc":{"start":{"line":4,"column":35},"end":{"line":7,"column":1}},"line":4}},"branchMap":{},"s":{"0":1,"1":1,"2":0,"3":0},"f":{"0":0},"b":{},"_coverageSchema":"43e27e138ebf9cfc5966b082cf9a028302ed4184","hash":"990bbc5917cf23099e44a118c9d5108d4ac52d52"}
,"/Users/cazaustre/code/src/github.com/carlosazaustre/fullstack-course-helsinki/part5/notes/frontend/src/services/notes.js": {"path":"/Users/cazaustre/code/src/github.com/carlosazaustre/fullstack-course-helsinki/part5/notes/frontend/src/services/notes.js","statementMap":{"0":{"start":{"line":2,"column":16},"end":{"line":2,"column":28}},"1":{"start":{"line":4,"column":12},"end":{"line":4,"column":16}},"2":{"start":{"line":6,"column":17},"end":{"line":8,"column":1}},"3":{"start":{"line":7,"column":2},"end":{"line":7,"column":31}},"4":{"start":{"line":10,"column":15},"end":{"line":13,"column":1}},"5":{"start":{"line":11,"column":18},"end":{"line":11,"column":36}},"6":{"start":{"line":12,"column":2},"end":{"line":12,"column":49}},"7":{"start":{"line":12,"column":34},"end":{"line":12,"column":47}},"8":{"start":{"line":15,"column":15},"end":{"line":21,"column":1}},"9":{"start":{"line":16,"column":17},"end":{"line":18,"column":3}},"10":{"start":{"line":19,"column":19},"end":{"line":19,"column":63}},"11":{"start":{"line":20,"column":2},"end":{"line":20,"column":23}},"12":{"start":{"line":23,"column":15},"end":{"line":26,"column":1}},"13":{"start":{"line":24,"column":18},"end":{"line":24,"column":58}},"14":{"start":{"line":25,"column":2},"end":{"line":25,"column":49}},"15":{"start":{"line":25,"column":34},"end":{"line":25,"column":47}}},"fnMap":{"0":{"name":"(anonymous_0)","decl":{"start":{"line":6,"column":17},"end":{"line":6,"column":18}},"loc":{"start":{"line":6,"column":29},"end":{"line":8,"column":1}},"line":6},"1":{"name":"(anonymous_1)","decl":{"start":{"line":10,"column":15},"end":{"line":10,"column":16}},"loc":{"start":{"line":10,"column":21},"end":{"line":13,"column":1}},"line":10},"2":{"name":"(anonymous_2)","decl":{"start":{"line":12,"column":22},"end":{"line":12,"column":23}},"loc":{"start":{"line":12,"column":34},"end":{"line":12,"column":47}},"line":12},"3":{"name":"(anonymous_3)","decl":{"start":{"line":15,"column":15},"end":{"line":15,"column":16}},"loc":{"start":{"line":15,"column":34},"end":{"line":21,"column":1}},"line":15},"4":{"name":"(anonymous_4)","decl":{"start":{"line":23,"column":15},"end":{"line":23,"column":16}},"loc":{"start":{"line":23,"column":34},"end":{"line":26,"column":1}},"line":23},"5":{"name":"(anonymous_5)","decl":{"start":{"line":25,"column":22},"end":{"line":25,"column":23}},"loc":{"start":{"line":25,"column":34},"end":{"line":25,"column":47}},"line":25}},"branchMap":{},"s":{"0":0,"1":0,"2":0,"3":0,"4":0,"5":0,"6":0,"7":0,"8":0,"9":0,"10":0,"11":0,"12":0,"13":0,"14":0,"15":0},"f":{"0":0,"1":0,"2":0,"3":0,"4":0,"5":0},"b":{},"hash":"a6ab76dc116960318359a4a042d90e3abf6fa8de"}
}
