TN:
SF:/Users/cazaustre/code/src/github.com/carlosazaustre/fullstack-course-helsinki/part5/notes/frontend/src/App.js
FN:12,(anonymous_0)
FN:22,(anonymous_1)
FN:25,(anonymous_2)
FN:30,(anonymous_3)
FN:39,(anonymous_4)
FN:46,(anonymous_5)
FN:52,(anonymous_6)
FN:53,(anonymous_7)
FN:56,(anonymous_8)
FN:63,(anonymous_9)
FN:73,(anonymous_10)
FN:88,(anonymous_11)
FN:94,(anonymous_12)
FN:95,(anonymous_13)
FN:100,(anonymous_14)
FN:101,(anonymous_15)
FN:103,(anonymous_16)
FN:107,(anonymous_17)
FN:110,(anonymous_18)
FN:114,(anonymous_19)
FN:125,(anonymous_20)
FN:133,(anonymous_21)
FN:135,(anonymous_22)
FN:135,(anonymous_23)
FN:139,(anonymous_24)
FN:143,(anonymous_25)
FN:161,(anonymous_26)
FNF:27
FNH:7
FNDA:2,(anonymous_0)
FNDA:1,(anonymous_1)
FNDA:1,(anonymous_2)
FNDA:1,(anonymous_3)
FNDA:2,(anonymous_4)
FNDA:0,(anonymous_5)
FNDA:0,(anonymous_6)
FNDA:0,(anonymous_7)
FNDA:0,(anonymous_8)
FNDA:0,(anonymous_9)
FNDA:0,(anonymous_10)
FNDA:0,(anonymous_11)
FNDA:0,(anonymous_12)
FNDA:0,(anonymous_13)
FNDA:0,(anonymous_14)
FNDA:0,(anonymous_15)
FNDA:0,(anonymous_16)
FNDA:0,(anonymous_17)
FNDA:0,(anonymous_18)
FNDA:0,(anonymous_19)
FNDA:0,(anonymous_20)
FNDA:0,(anonymous_21)
FNDA:2,(anonymous_22)
FNDA:3,(anonymous_23)
FNDA:0,(anonymous_24)
FNDA:0,(anonymous_25)
FNDA:0,(anonymous_26)
DA:12,1
DA:13,2
DA:14,2
DA:15,2
DA:16,2
DA:17,2
DA:18,2
DA:19,2
DA:20,2
DA:22,2
DA:23,1
DA:26,1
DA:30,2
DA:31,1
DA:32,1
DA:33,0
DA:34,0
DA:35,0
DA:39,2
DA:40,2
DA:41,2
DA:43,2
DA:46,0
DA:52,0
DA:53,0
DA:56,0
DA:62,2
DA:63,2
DA:64,0
DA:73,2
DA:74,0
DA:75,0
DA:76,0
DA:80,0
DA:82,0
DA:83,0
DA:84,0
DA:85,0
DA:87,0
DA:88,0
DA:89,0
DA:94,2
DA:95,0
DA:96,0
DA:98,0
DA:101,0
DA:104,0
DA:107,0
DA:108,0
DA:110,0
DA:114,2
DA:115,0
DA:116,0
DA:117,0
DA:123,0
DA:126,0
DA:127,0
DA:131,2
DA:133,0
DA:135,2
DA:136,3
DA:139,0
DA:143,2
DA:144,0
DA:145,0
DA:148,2
DA:161,0
LF:67
LH:29
BRDA:32,0,0,0
BRDA:32,0,1,1
BRDA:40,1,0,0
BRDA:40,1,1,2
BRDA:41,2,0,0
BRDA:41,2,1,2
BRDA:101,3,0,0
BRDA:101,3,1,0
BRDA:131,4,0,2
BRDA:131,4,1,0
BRDA:152,5,0,2
BRDA:152,5,1,0
BRDA:162,6,0,2
BRDA:162,6,1,0
BRF:14
BRH:6
end_of_record
TN:
SF:/Users/cazaustre/code/src/github.com/carlosazaustre/fullstack-course-helsinki/part5/notes/frontend/src/index.js
FNF:0
FNH:0
DA:7,0
LF:1
LH:0
BRF:0
BRH:0
end_of_record
TN:
SF:/Users/cazaustre/code/src/github.com/carlosazaustre/fullstack-course-helsinki/part5/notes/frontend/src/components/Footer.js
FN:3,(anonymous_0)
FNF:1
FNH:1
FNDA:2,(anonymous_0)
DA:3,1
DA:4,2
DA:10,2
LF:3
LH:3
BRF:0
BRH:0
end_of_record
TN:
SF:/Users/cazaustre/code/src/github.com/carlosazaustre/fullstack-course-helsinki/part5/notes/frontend/src/components/LoginForm.js
FN:4,(anonymous_0)
FNF:1
FNH:1
FNDA:2,(anonymous_0)
DA:4,1
DA:11,2
DA:36,1
LF:3
LH:3
BRF:0
BRH:0
end_of_record
TN:
SF:/Users/cazaustre/code/src/github.com/carlosazaustre/fullstack-course-helsinki/part5/notes/frontend/src/components/Note.js
FN:2,(anonymous_0)
FNF:1
FNH:1
FNDA:4,(anonymous_0)
DA:2,2
DA:3,4
DA:7,4
LF:3
LH:3
BRDA:3,0,0,3
BRDA:3,0,1,1
BRF:2
BRH:2
end_of_record
TN:
SF:/Users/cazaustre/code/src/github.com/carlosazaustre/fullstack-course-helsinki/part5/notes/frontend/src/components/NoteForm.js
FN:3,(anonymous_0)
FNF:1
FNH:1
FNDA:1,(anonymous_0)
DA:3,2
DA:4,1
LF:2
LH:2
BRF:0
BRH:0
end_of_record
TN:
SF:/Users/cazaustre/code/src/github.com/carlosazaustre/fullstack-course-helsinki/part5/notes/frontend/src/components/Notification.js
FN:3,(anonymous_0)
FNF:1
FNH:1
FNDA:2,(anonymous_0)
DA:3,1
DA:4,2
DA:5,2
DA:8,0
LF:4
LH:3
BRDA:4,0,0,2
BRDA:4,0,1,0
BRF:2
BRH:1
end_of_record
TN:
SF:/Users/cazaustre/code/src/github.com/carlosazaustre/fullstack-course-helsinki/part5/notes/frontend/src/components/Togglable.js
FN:4,(anonymous_0)
FN:10,(anonymous_1)
FN:12,(anonymous_2)
FNF:3
FNH:2
FNDA:7,(anonymous_0)
FNDA:3,(anonymous_1)
FNDA:0,(anonymous_2)
DA:4,2
DA:5,7
DA:7,7
DA:8,7
DA:10,7
DA:12,7
DA:13,0
DA:18,7
DA:31,2
LF:9
LH:8
BRDA:7,0,0,2
BRDA:7,0,1,5
BRDA:8,1,0,2
BRDA:8,1,1,5
BRF:4
BRH:4
end_of_record
TN:
SF:/Users/cazaustre/code/src/github.com/carlosazaustre/fullstack-course-helsinki/part5/notes/frontend/src/services/login.js
FN:4,(anonymous_0)
FNF:1
FNH:0
FNDA:0,(anonymous_0)
DA:2,1
DA:4,1
DA:5,0
DA:6,0
LF:4
LH:2
BRF:0
BRH:0
end_of_record
TN:
SF:/Users/cazaustre/code/src/github.com/carlosazaustre/fullstack-course-helsinki/part5/notes/frontend/src/services/notes.js
FN:6,(anonymous_0)
FN:10,(anonymous_1)
FN:12,(anonymous_2)
FN:15,(anonymous_3)
FN:23,(anonymous_4)
FN:25,(anonymous_5)
FNF:6
FNH:0
FNDA:0,(anonymous_0)
FNDA:0,(anonymous_1)
FNDA:0,(anonymous_2)
FNDA:0,(anonymous_3)
FNDA:0,(anonymous_4)
FNDA:0,(anonymous_5)
DA:2,0
DA:4,0
DA:6,0
DA:7,0
DA:10,0
DA:11,0
DA:12,0
DA:15,0
DA:16,0
DA:19,0
DA:20,0
DA:23,0
DA:24,0
DA:25,0
LF:14
LH:0
BRF:0
BRH:0
end_of_record
